# JRE version: OpenJDK Runtime Environment Temurin-17.0.8.1+1 (17.0.8.1+1) (build 17.0.8.1+1)
# Java VM: OpenJDK 64-Bit Server VM Temurin-17.0.8.1+1 (17.0.8.1+1, mixed mode, tiered, compressed oops, compressed class ptrs, g1 gc, windows-amd64)
GC Precious Log:
 CPUs: 4 total, 4 available
 Memory: 3877M
 Large Page Support: Disabled
 NUMA Support: Disabled
 Compressed Oops: Enabled (32-bit)
 Heap Region Size: 1M
 Heap Min Capacity: 8M
 Heap Initial Capacity: 62M
 Heap Max Capacity: 970M
 Pre-touch: Disabled
 Parallel Workers: 4
 Concurrent Workers: 1
 Concurrent Refinement Workers: 4
 Periodic GC: Disabled
Heap:
 garbage-first heap   total 49152K, used 17662K [0x00000000c3600000, 0x0000000100000000)
  region size 1024K, 1 young (1024K), 1 survivors (1024K)
 Metaspace       used 37660K, committed 38144K, reserved 1114112K
  class space    used 4723K, committed 4928K, reserved 1048576K
GC Heap History (20 events):
Event: 2.205 GC heap after
{Heap after GC invocations=3 (full 0):
 garbage-first heap   total 63488K, used 8462K [0x00000000c3600000, 0x0000000100000000)
  region size 1024K, 3 young (3072K), 3 survivors (3072K)
 Metaspace       used 17906K, committed 18176K, reserved 1114112K
  class space    used 2097K, committed 2240K, reserved 1048576K
}
Event: 2.620 GC heap before
{Heap before GC invocations=3 (full 0):
 garbage-first heap   total 63488K, used 22798K [0x00000000c3600000, 0x0000000100000000)
  region size 1024K, 18 young (18432K), 3 survivors (3072K)
 Metaspace       used 21313K, committed 21504K, reserved 1114112K
  class space    used 2605K, committed 2688K, reserved 1048576K
}
Event: 2.624 GC heap after
{Heap after GC invocations=4 (full 0):
 garbage-first heap   total 63488K, used 9595K [0x00000000c3600000, 0x0000000100000000)
  region size 1024K, 3 young (3072K), 3 survivors (3072K)
 Metaspace       used 21313K, committed 21504K, reserved 1114112K
  class space    used 2605K, committed 2688K, reserved 1048576K
}
Event: 2.892 GC heap before
{Heap before GC invocations=5 (full 0):
 garbage-first heap   total 37888K, used 27003K [0x00000000c3600000, 0x0000000100000000)
  region size 1024K, 22 young (22528K), 3 survivors (3072K)
 Metaspace       used 25731K, committed 25920K, reserved 1114112K
  class space    used 3090K, committed 3200K, reserved 1048576K
}
Event: 2.896 GC heap after
{Heap after GC invocations=6 (full 0):
 garbage-first heap   total 37888K, used 11485K [0x00000000c3600000, 0x0000000100000000)
  region size 1024K, 5 young (5120K), 5 survivors (5120K)
 Metaspace       used 25731K, committed 25920K, reserved 1114112K
  class space    used 3090K, committed 3200K, reserved 1048576K
}
Event: 2.914 GC heap before
{Heap before GC invocations=6 (full 0):
 garbage-first heap   total 37888K, used 12509K [0x00000000c3600000, 0x0000000100000000)
  region size 1024K, 6 young (6144K), 5 survivors (5120K)
 Metaspace       used 25915K, committed 26176K, reserved 1114112K
  class space    used 3117K, committed 3200K, reserved 1048576K
}
Event: 2.919 GC heap after
{Heap after GC invocations=7 (full 0):
 garbage-first heap   total 37888K, used 11917K [0x00000000c3600000, 0x0000000100000000)
  region size 1024K, 1 young (1024K), 1 survivors (1024K)
 Metaspace       used 25915K, committed 26176K, reserved 1114112K
  class space    used 3117K, committed 3200K, reserved 1048576K
}
Event: 3.222 GC heap before
{Heap before GC invocations=7 (full 0):
 garbage-first heap   total 37888K, used 25229K [0x00000000c3600000, 0x0000000100000000)
  region size 1024K, 14 young (14336K), 1 survivors (1024K)
 Metaspace       used 27264K, committed 27456K, reserved 1114112K
  class space    used 3298K, committed 3392K, reserved 1048576K
}
Event: 3.224 GC heap after
{Heap after GC invocations=8 (full 0):
 garbage-first heap   total 37888K, used 12295K [0x00000000c3600000, 0x0000000100000000)
  region size 1024K, 2 young (2048K), 2 survivors (2048K)
 Metaspace       used 27264K, committed 27456K, reserved 1114112K
  class space    used 3298K, committed 3392K, reserved 1048576K
}
Event: 3.692 GC heap before
{Heap before GC invocations=8 (full 0):
 garbage-first heap   total 37888K, used 24583K [0x00000000c3600000, 0x0000000100000000)
  region size 1024K, 15 young (15360K), 2 survivors (2048K)
 Metaspace       used 29445K, committed 29760K, reserved 1114112K
  class space    used 3588K, committed 3712K, reserved 1048576K
}
Event: 3.695 GC heap after
{Heap after GC invocations=9 (full 0):
 garbage-first heap   total 37888K, used 13356K [0x00000000c3600000, 0x0000000100000000)
  region size 1024K, 1 young (1024K), 1 survivors (1024K)
 Metaspace       used 29445K, committed 29760K, reserved 1114112K
  class space    used 3588K, committed 3712K, reserved 1048576K
}
Event: 4.130 GC heap before
{Heap before GC invocations=9 (full 0):
 garbage-first heap   total 37888K, used 25644K [0x00000000c3600000, 0x0000000100000000)
  region size 1024K, 14 young (14336K), 1 survivors (1024K)
 Metaspace       used 31585K, committed 31936K, reserved 1114112K
  class space    used 3897K, committed 4096K, reserved 1048576K
}
Event: 4.134 GC heap after
{Heap after GC invocations=10 (full 0):
 garbage-first heap   total 37888K, used 14430K [0x00000000c3600000, 0x0000000100000000)
  region size 1024K, 2 young (2048K), 2 survivors (2048K)
 Metaspace       used 31585K, committed 31936K, reserved 1114112K
  class space    used 3897K, committed 4096K, reserved 1048576K
}
Event: 4.555 GC heap before
{Heap before GC invocations=10 (full 0):
 garbage-first heap   total 37888K, used 27742K [0x00000000c3600000, 0x0000000100000000)
  region size 1024K, 15 young (15360K), 2 survivors (2048K)
 Metaspace       used 33943K, committed 34240K, reserved 1114112K
  class space    used 4285K, committed 4416K, reserved 1048576K
}
Event: 4.559 GC heap after
{Heap after GC invocations=11 (full 0):
 garbage-first heap   total 37888K, used 16220K [0x00000000c3600000, 0x0000000100000000)
  region size 1024K, 2 young (2048K), 2 survivors (2048K)
 Metaspace       used 33943K, committed 34240K, reserved 1114112K
  class space    used 4285K, committed 4416K, reserved 1048576K
}
Event: 4.847 GC heap before
{Heap before GC invocations=11 (full 0):
 garbage-first heap   total 37888K, used 21340K [0x00000000c3600000, 0x0000000100000000)
  region size 1024K, 8 young (8192K), 2 survivors (2048K)
 Metaspace       used 35801K, committed 36160K, reserved 1114112K
  class space    used 4493K, committed 4672K, reserved 1048576K
}
Event: 4.850 GC heap after
{Heap after GC invocations=12 (full 0):
 garbage-first heap   total 37888K, used 16826K [0x00000000c3600000, 0x0000000100000000)
  region size 1024K, 1 young (1024K), 1 survivors (1024K)
 Metaspace       used 35801K, committed 36160K, reserved 1114112K
  class space    used 4493K, committed 4672K, reserved 1048576K
}
Event: 5.262 GC heap before
{Heap before GC invocations=13 (full 0):
 garbage-first heap   total 37888K, used 27066K [0x00000000c3600000, 0x0000000100000000)
  region size 1024K, 12 young (12288K), 1 survivors (1024K)
 Metaspace       used 37423K, committed 37760K, reserved 1114112K
  class space    used 4694K, committed 4864K, reserved 1048576K
}
Event: 5.268 GC heap after
{Heap after GC invocations=14 (full 0):
 garbage-first heap   total 37888K, used 17960K [0x00000000c3600000, 0x0000000100000000)
  region size 1024K, 2 young (2048K), 2 survivors (2048K)
 Metaspace       used 37423K, committed 37760K, reserved 1114112K
  class space    used 4694K, committed 4864K, reserved 1048576K
}
Event: 5.313 GC heap before
{Heap before GC invocations=14 (full 0):
 garbage-first heap   total 37888K, used 18984K [0x00000000c3600000, 0x0000000100000000)
  region size 1024K, 3 young (3072K), 2 survivors (2048K)
 Metaspace       used 37660K, committed 38144K, reserved 1114112K
  class space    used 4723K, committed 4928K, reserved 1048576K
}

