# JRE version: OpenJDK Runtime Environment Temurin-17.0.8.1+1 (17.0.8.1+1) (build 17.0.8.1+1)
# Java VM: OpenJDK 64-Bit Server VM Temurin-17.0.8.1+1 (17.0.8.1+1, mixed mode, tiered, compressed oops, compressed class ptrs, g1 gc, windows-amd64)
GC Precious Log:
 CPUs: 4 total, 4 available
 Memory: 3877M
 Large Page Support: Disabled
 NUMA Support: Disabled
 Compressed Oops: Enabled (32-bit)
 Heap Region Size: 1M
 Heap Min Capacity: 8M
 Heap Initial Capacity: 62M
 Heap Max Capacity: 970M
 Pre-touch: Disabled
 Parallel Workers: 4
 Concurrent Workers: 1
 Concurrent Refinement Workers: 4
 Periodic GC: Disabled
Heap:
 garbage-first heap   total 51200K, used 37791K [0x00000000c3600000, 0x0000000100000000)
  region size 1024K, 12 young (12288K), 2 survivors (2048K)
 Metaspace       used 72118K, committed 72640K, reserved 1114112K
  class space    used 9682K, committed 9920K, reserved 1048576K
GC Heap History (20 events):
Event: 11.588 GC heap before
{Heap before GC invocations=21 (full 0):
 garbage-first heap   total 40960K, used 29386K [0x00000000c3600000, 0x0000000100000000)
  region size 1024K, 9 young (9216K), 2 survivors (2048K)
 Metaspace       used 51229K, committed 51712K, reserved 1114112K
  class space    used 6496K, committed 6720K, reserved 1048576K
}
Event: 11.591 GC heap after
{Heap after GC invocations=22 (full 0):
 garbage-first heap   total 40960K, used 22682K [0x00000000c3600000, 0x0000000100000000)
  region size 1024K, 1 young (1024K), 1 survivors (1024K)
 Metaspace       used 51229K, committed 51712K, reserved 1114112K
  class space    used 6496K, committed 6720K, reserved 1048576K
}
Event: 12.115 GC heap before
{Heap before GC invocations=22 (full 0):
 garbage-first heap   total 40960K, used 31898K [0x00000000c3600000, 0x0000000100000000)
  region size 1024K, 11 young (11264K), 1 survivors (1024K)
 Metaspace       used 53675K, committed 54144K, reserved 1114112K
  class space    used 6889K, committed 7104K, reserved 1048576K
}
Event: 12.118 GC heap after
{Heap after GC invocations=23 (full 0):
 garbage-first heap   total 40960K, used 23192K [0x00000000c3600000, 0x0000000100000000)
  region size 1024K, 2 young (2048K), 2 survivors (2048K)
 Metaspace       used 53675K, committed 54144K, reserved 1114112K
  class space    used 6889K, committed 7104K, reserved 1048576K
}
Event: 12.518 GC heap before
{Heap before GC invocations=24 (full 0):
 garbage-first heap   total 43008K, used 30360K [0x00000000c3600000, 0x0000000100000000)
  region size 1024K, 10 young (10240K), 2 survivors (2048K)
 Metaspace       used 55701K, committed 56128K, reserved 1114112K
  class space    used 7199K, committed 7424K, reserved 1048576K
}
Event: 12.521 GC heap after
{Heap after GC invocations=25 (full 0):
 garbage-first heap   total 43008K, used 23664K [0x00000000c3600000, 0x0000000100000000)
  region size 1024K, 2 young (2048K), 2 survivors (2048K)
 Metaspace       used 55701K, committed 56128K, reserved 1114112K
  class space    used 7199K, committed 7424K, reserved 1048576K
}
Event: 13.312 GC heap before
{Heap before GC invocations=25 (full 0):
 garbage-first heap   total 43008K, used 32880K [0x00000000c3600000, 0x0000000100000000)
  region size 1024K, 12 young (12288K), 2 survivors (2048K)
 Metaspace       used 58255K, committed 58688K, reserved 1114112K
  class space    used 7524K, committed 7744K, reserved 1048576K
}
Event: 13.316 GC heap after
{Heap after GC invocations=26 (full 0):
 garbage-first heap   total 43008K, used 24093K [0x00000000c3600000, 0x0000000100000000)
  region size 1024K, 2 young (2048K), 2 survivors (2048K)
 Metaspace       used 58255K, committed 58688K, reserved 1114112K
  class space    used 7524K, committed 7744K, reserved 1048576K
}
Event: 13.879 GC heap before
{Heap before GC invocations=27 (full 0):
 garbage-first heap   total 46080K, used 34333K [0x00000000c3600000, 0x0000000100000000)
  region size 1024K, 12 young (12288K), 2 survivors (2048K)
 Metaspace       used 61848K, committed 62336K, reserved 1114112K
  class space    used 8117K, committed 8320K, reserved 1048576K
}
Event: 13.885 GC heap after
{Heap after GC invocations=28 (full 0):
 garbage-first heap   total 46080K, used 24504K [0x00000000c3600000, 0x0000000100000000)
  region size 1024K, 2 young (2048K), 2 survivors (2048K)
 Metaspace       used 61848K, committed 62336K, reserved 1114112K
  class space    used 8117K, committed 8320K, reserved 1048576K
}
Event: 14.947 GC heap before
{Heap before GC invocations=28 (full 0):
 garbage-first heap   total 46080K, used 36792K [0x00000000c3600000, 0x0000000100000000)
  region size 1024K, 14 young (14336K), 2 survivors (2048K)
 Metaspace       used 64599K, committed 65088K, reserved 1114112K
  class space    used 8623K, committed 8832K, reserved 1048576K
}
Event: 14.950 GC heap after
{Heap after GC invocations=29 (full 0):
 garbage-first heap   total 46080K, used 25003K [0x00000000c3600000, 0x0000000100000000)
  region size 1024K, 2 young (2048K), 2 survivors (2048K)
 Metaspace       used 64599K, committed 65088K, reserved 1114112K
  class space    used 8623K, committed 8832K, reserved 1048576K
}
Event: 15.628 GC heap before
{Heap before GC invocations=30 (full 0):
 garbage-first heap   total 46080K, used 36267K [0x00000000c3600000, 0x0000000100000000)
  region size 1024K, 14 young (14336K), 2 survivors (2048K)
 Metaspace       used 66897K, committed 67456K, reserved 1114112K
  class space    used 8963K, committed 9216K, reserved 1048576K
}
Event: 15.633 GC heap after
{Heap after GC invocations=31 (full 0):
 garbage-first heap   total 46080K, used 25936K [0x00000000c3600000, 0x0000000100000000)
  region size 1024K, 2 young (2048K), 2 survivors (2048K)
 Metaspace       used 66897K, committed 67456K, reserved 1114112K
  class space    used 8963K, committed 9216K, reserved 1048576K
}
Event: 16.197 GC heap before
{Heap before GC invocations=31 (full 0):
 garbage-first heap   total 46080K, used 37200K [0x00000000c3600000, 0x0000000100000000)
  region size 1024K, 13 young (13312K), 2 survivors (2048K)
 Metaspace       used 68863K, committed 69312K, reserved 1114112K
  class space    used 9229K, committed 9472K, reserved 1048576K
}
Event: 16.201 GC heap after
{Heap after GC invocations=32 (full 0):
 garbage-first heap   total 46080K, used 26779K [0x00000000c3600000, 0x0000000100000000)
  region size 1024K, 2 young (2048K), 2 survivors (2048K)
 Metaspace       used 68863K, committed 69312K, reserved 1114112K
  class space    used 9229K, committed 9472K, reserved 1048576K
}
Event: 16.581 GC heap before
{Heap before GC invocations=33 (full 0):
 garbage-first heap   total 50176K, used 35995K [0x00000000c3600000, 0x0000000100000000)
  region size 1024K, 12 young (12288K), 2 survivors (2048K)
 Metaspace       used 69342K, committed 69888K, reserved 1114112K
  class space    used 9304K, committed 9536K, reserved 1048576K
}
Event: 16.586 GC heap after
{Heap after GC invocations=34 (full 0):
 garbage-first heap   total 50176K, used 27273K [0x00000000c3600000, 0x0000000100000000)
  region size 1024K, 2 young (2048K), 2 survivors (2048K)
 Metaspace       used 69342K, committed 69888K, reserved 1114112K
  class space    used 9304K, committed 9536K, reserved 1048576K
}
Event: 17.655 GC heap before
{Heap before GC invocations=34 (full 0):
 garbage-first heap   total 50176K, used 40585K [0x00000000c3600000, 0x0000000100000000)
  region size 1024K, 15 young (15360K), 2 survivors (2048K)
 Metaspace       used 71070K, committed 71680K, reserved 1114112K
  class space    used 9537K, committed 9856K, reserved 1048576K
}
Event: 17.660 GC heap after
{Heap after GC invocations=35 (full 0):
 garbage-first heap   total 50176K, used 28575K [0x00000000c3600000, 0x0000000100000000)
  region size 1024K, 2 young (2048K), 2 survivors (2048K)
 Metaspace       used 71070K, committed 71680K, reserved 1114112K
  class space    used 9537K, committed 9856K, reserved 1048576K
}

